c:\users\大輝\dropbox\c++\uilib\uilib\x64\release\vc141.pdb
c:\users\大輝\dropbox\c++\uilib\uilib\x64\release\win_info.obj
c:\users\大輝\dropbox\c++\uilib\uilib\x64\release\uilib.obj
c:\users\大輝\dropbox\c++\uilib\uilib\x64\release\main.obj
c:\users\大輝\dropbox\c++\uilib\uilib\x64\release\shader.obj
c:\users\大輝\dropbox\c++\uilib\uilib\x64\release\fps.obj
c:\users\大輝\dropbox\c++\uilib\uilib\x64\release\mouse.obj
c:\users\大輝\dropbox\c++\uilib\uilib\x64\release\graphpara.obj
c:\users\大輝\dropbox\c++\uilib\uilib\x64\release\animation.obj
c:\users\大輝\dropbox\c++\uilib\uilib\x64\release\frame.obj
c:\users\大輝\dropbox\c++\uilib\uilib\x64\release\get_event.obj
c:\users\大輝\dropbox\c++\uilib\x64\release\uilib.exe
c:\users\大輝\dropbox\c++\uilib\x64\release\uilib.pdb
c:\users\大輝\dropbox\c++\uilib\x64\release\uilib.ipdb
c:\users\大輝\dropbox\c++\uilib\x64\release\uilib.iobj
c:\users\大輝\dropbox\c++\uilib\uilib\x64\release\fbo.obj
c:\users\大輝\dropbox\c++\uilib\uilib\x64\release\ui.obj
c:\users\大輝\dropbox\c++\uilib\uilib\x64\release\uilib.tlog\cl.command.1.tlog
c:\users\大輝\dropbox\c++\uilib\uilib\x64\release\uilib.tlog\cl.read.1.tlog
c:\users\大輝\dropbox\c++\uilib\uilib\x64\release\uilib.tlog\cl.write.1.tlog
c:\users\大輝\dropbox\c++\uilib\uilib\x64\release\uilib.tlog\link-cvtres.read.1.tlog
c:\users\大輝\dropbox\c++\uilib\uilib\x64\release\uilib.tlog\link-rc.read.1.tlog
c:\users\大輝\dropbox\c++\uilib\uilib\x64\release\uilib.tlog\link-rc.write.1.tlog
c:\users\大輝\dropbox\c++\uilib\uilib\x64\release\uilib.tlog\link.command.1.tlog
c:\users\大輝\dropbox\c++\uilib\uilib\x64\release\uilib.tlog\link.read.1.tlog
c:\users\大輝\dropbox\c++\uilib\uilib\x64\release\uilib.tlog\link.write.1.tlog
c:\users\大輝\dropbox\c++\uilib\uilib\x64\release\uilib.tlog\uilib.write.1u.tlog
