  main.cpp
C:\Program Files (x86)\Windows Kits\10\Include\10.0.15063.0\shared\minwindef.h(130): warning C4005: 'APIENTRY': マクロが再定義されました。
  C:\Users\大輝\Dropbox\C++\UILib\packages\nupengl.core.0.1.0.1\build\native\include\GLFW/glfw3.h(92): note: 'APIENTRY' の以前の定義を確認してください
c:\users\大輝\dropbox\c++\uilib\uilib\src\define.h(88): warning C4267: '引数': 'size_t' から 'int' に変換しました。データが失われているかもしれません。
  UILib.cpp
C:\Program Files (x86)\Windows Kits\10\Include\10.0.15063.0\shared\minwindef.h(130): warning C4005: 'APIENTRY': マクロが再定義されました。
  C:\Users\大輝\Dropbox\C++\UILib\packages\nupengl.core.0.1.0.1\build\native\include\GLFW/glfw3.h(92): note: 'APIENTRY' の以前の定義を確認してください
c:\users\大輝\dropbox\c++\uilib\uilib\src\define.h(88): warning C4267: '引数': 'size_t' から 'int' に変換しました。データが失われているかもしれません。
C:\Users\大輝\Dropbox\C++\UILib\UILib\src\UILib.cpp(6): warning C4244: '引数': 'double' から 'GLsizei' への変換です。データが失われる可能性があります。
C:\Users\大輝\Dropbox\C++\UILib\UILib\src\UILib.cpp(44): warning C4244: '引数': 'double' から 'int' への変換です。データが失われる可能性があります。
  win_info.cpp
C:\Program Files (x86)\Windows Kits\10\Include\10.0.15063.0\shared\minwindef.h(130): warning C4005: 'APIENTRY': マクロが再定義されました。
  C:\Users\大輝\Dropbox\C++\UILib\packages\nupengl.core.0.1.0.1\build\native\include\GLFW/glfw3.h(92): note: 'APIENTRY' の以前の定義を確認してください
c:\users\大輝\dropbox\c++\uilib\uilib\src\define.h(88): warning C4267: '引数': 'size_t' から 'int' に変換しました。データが失われているかもしれません。
C:\Users\大輝\Dropbox\C++\UILib\UILib\src\win_info.cpp(56): warning C4244: '引数': 'double' から 'int' への変換です。データが失われる可能性があります。
  Animation.cpp
C:\Program Files (x86)\Windows Kits\10\Include\10.0.15063.0\shared\minwindef.h(130): warning C4005: 'APIENTRY': マクロが再定義されました。
  C:\Users\大輝\Dropbox\C++\UILib\packages\nupengl.core.0.1.0.1\build\native\include\GLFW/glfw3.h(92): note: 'APIENTRY' の以前の定義を確認してください
c:\users\大輝\dropbox\c++\uilib\uilib\src\define.h(88): warning C4267: '引数': 'size_t' から 'int' に変換しました。データが失われているかもしれません。
src\Animation.cpp(8): warning C4267: 'return': 'size_t' から 'int' に変換しました。データが失われているかもしれません。
  FBO.cpp
C:\Program Files (x86)\Windows Kits\10\Include\10.0.15063.0\shared\minwindef.h(130): warning C4005: 'APIENTRY': マクロが再定義されました。
  C:\Users\大輝\Dropbox\C++\UILib\packages\nupengl.core.0.1.0.1\build\native\include\GLFW/glfw3.h(92): note: 'APIENTRY' の以前の定義を確認してください
c:\users\大輝\dropbox\c++\uilib\uilib\src\define.h(88): warning C4267: '引数': 'size_t' から 'int' に変換しました。データが失われているかもしれません。
src\FBO.cpp(24): warning C4244: '引数': 'double' から 'GLsizei' への変換です。データが失われる可能性があります。
src\FBO.cpp(33): warning C4244: '引数': 'double' から 'GLsizei' への変換です。データが失われる可能性があります。
src\FBO.cpp(70): warning C4267: 'return': 'size_t' から 'int' に変換しました。データが失われているかもしれません。
  Frame.cpp
C:\Program Files (x86)\Windows Kits\10\Include\10.0.15063.0\shared\minwindef.h(130): warning C4005: 'APIENTRY': マクロが再定義されました。
  C:\Users\大輝\Dropbox\C++\UILib\packages\nupengl.core.0.1.0.1\build\native\include\GLFW/glfw3.h(92): note: 'APIENTRY' の以前の定義を確認してください
c:\users\大輝\dropbox\c++\uilib\uilib\src\define.h(88): warning C4267: '引数': 'size_t' から 'int' に変換しました。データが失われているかもしれません。
src\Frame.cpp(231): warning C4267: '=': 'size_t' から 'int' に変換しました。データが失われているかもしれません。
  get_event.cpp
C:\Program Files (x86)\Windows Kits\10\Include\10.0.15063.0\shared\minwindef.h(130): warning C4005: 'APIENTRY': マクロが再定義されました。
  C:\Users\大輝\Dropbox\C++\UILib\packages\nupengl.core.0.1.0.1\build\native\include\GLFW/glfw3.h(92): note: 'APIENTRY' の以前の定義を確認してください
c:\users\大輝\dropbox\c++\uilib\uilib\src\define.h(88): warning C4267: '引数': 'size_t' から 'int' に変換しました。データが失われているかもしれません。
  GraphPara.cpp
C:\Program Files (x86)\Windows Kits\10\Include\10.0.15063.0\shared\minwindef.h(130): warning C4005: 'APIENTRY': マクロが再定義されました。
  C:\Users\大輝\Dropbox\C++\UILib\packages\nupengl.core.0.1.0.1\build\native\include\GLFW/glfw3.h(92): note: 'APIENTRY' の以前の定義を確認してください
c:\users\大輝\dropbox\c++\uilib\uilib\src\define.h(88): warning C4267: '引数': 'size_t' から 'int' に変換しました。データが失われているかもしれません。
src\GraphPara.cpp(33): warning C4267: '初期化中': 'size_t' から 'int' に変換しました。データが失われているかもしれません。
src\GraphPara.cpp(115): warning C4244: '=': 'double' から 'int' への変換です。データが失われる可能性があります。
src\GraphPara.cpp(118): warning C4244: '=': 'double' から 'int' への変換です。データが失われる可能性があります。
  mouse.cpp
C:\Program Files (x86)\Windows Kits\10\Include\10.0.15063.0\shared\minwindef.h(130): warning C4005: 'APIENTRY': マクロが再定義されました。
  C:\Users\大輝\Dropbox\C++\UILib\packages\nupengl.core.0.1.0.1\build\native\include\GLFW/glfw3.h(92): note: 'APIENTRY' の以前の定義を確認してください
c:\users\大輝\dropbox\c++\uilib\uilib\src\define.h(88): warning C4267: '引数': 'size_t' から 'int' に変換しました。データが失われているかもしれません。
  UI.cpp
C:\Program Files (x86)\Windows Kits\10\Include\10.0.15063.0\shared\minwindef.h(130): warning C4005: 'APIENTRY': マクロが再定義されました。
  C:\Users\大輝\Dropbox\C++\UILib\packages\nupengl.core.0.1.0.1\build\native\include\GLFW/glfw3.h(92): note: 'APIENTRY' の以前の定義を確認してください
c:\users\大輝\dropbox\c++\uilib\uilib\src\define.h(88): warning C4267: '引数': 'size_t' から 'int' に変換しました。データが失われているかもしれません。
  コード生成しています。
  12 of 206 functions ( 5.8%) were compiled, the rest were copied from previous compilation.
    0 functions were new in current compilation
    8 functions had inline decision re-evaluated but remain unchanged
  コード生成が終了しました。
  UILib.vcxproj -> C:\Users\大輝\Dropbox\C++\UILib\x64\Release\UILib.exe
